/*C12*/SET SCHEMA PUBLIC
INSERT INTO TRANSACTIONS VALUES(100034,'2020-06-08 20:16:02.958000',1.20,NULL,'TOP_UP',1000000)
DELETE FROM USERS WHERE ID=1000000
INSERT INTO USERS VALUES(1000000,'user@user.com',TRUE,'user','2020-06-04 18:48:20.078000',67.15)
ALTER SEQUENCE PUBLIC.GLOBAL_SEQ RESTART WITH 100035
COMMIT
INSERT INTO TRANSACTIONS VALUES(100035,'2020-06-08 20:16:47.919000',1.00,NULL,'TOP_UP',1000000)
DELETE FROM USERS WHERE ID=1000000
INSERT INTO USERS VALUES(1000000,'user@user.com',TRUE,'user','2020-06-04 18:48:20.078000',68.15)
ALTER SEQUENCE PUBLIC.GLOBAL_SEQ RESTART WITH 100036
COMMIT
INSERT INTO TRANSACTIONS VALUES(100036,'2020-06-08 20:16:59.751000',1.40,NULL,'TOP_UP',1000000)
DELETE FROM USERS WHERE ID=1000000
INSERT INTO USERS VALUES(1000000,'user@user.com',TRUE,'user','2020-06-04 18:48:20.078000',69.55)
ALTER SEQUENCE PUBLIC.GLOBAL_SEQ RESTART WITH 100037
COMMIT
DISCONNECT
/*C13*/SET SCHEMA PUBLIC
DISCONNECT
/*C14*/SET SCHEMA PUBLIC
DISCONNECT
/*C15*/SET SCHEMA PUBLIC
DISCONNECT
/*C16*/SET SCHEMA PUBLIC
DISCONNECT
/*C17*/SET SCHEMA PUBLIC
DISCONNECT
/*C18*/SET SCHEMA PUBLIC
DISCONNECT
/*C19*/SET SCHEMA PUBLIC
DISCONNECT
/*C20*/SET SCHEMA PUBLIC
DISCONNECT
/*C21*/SET SCHEMA PUBLIC
DISCONNECT
